###############################################################################
#
# IAR ANSI C/C++ Compiler V8.20.1.14183/W32 for ARM       06/Jul/2019  22:02:02
# Copyright 1999-2017 IAR Systems AB.
#
#    Cpu mode     =  thumb
#    Endian       =  little
#    Source file  =  E:\IARworkspace\CamCar_IAR\source\UART.c
#    Command line =  
#        -f C:\Users\57416\AppData\Local\Temp\EWFF3F.tmp
#        (E:\IARworkspace\CamCar_IAR\source\UART.c -lCN
#        E:\IARworkspace\CamCar_IAR\FLASH\List -lB
#        E:\IARworkspace\CamCar_IAR\FLASH\List -o
#        E:\IARworkspace\CamCar_IAR\FLASH\Obj --no_cse --no_unroll --no_inline
#        --no_code_motion --no_tbaa --no_clustering --no_scheduling --debug
#        --endian=little --cpu=Cortex-M4 -e --char_is_signed --fpu=None
#        --dlib_config "D:\Program
#        Files(x86)\IAR\arm\INC\c\DLib_Config_Normal.h" -I
#        E:\IARworkspace\CamCar_IAR\source\ -I
#        E:\IARworkspace\CamCar_IAR\common\ -I E:\IARworkspace\CamCar_IAR\LPLD\
#        -I E:\IARworkspace\CamCar_IAR\LPLD\HW\ -I
#        E:\IARworkspace\CamCar_IAR\LPLD\DEV\ -Ol -I "D:\Program
#        Files(x86)\IAR\arm\CMSIS\Include\" -D ARM_MATH_CM4)
#    Locale       =  C
#    List file    =  E:\IARworkspace\CamCar_IAR\FLASH\List\UART.lst
#    Object file  =  E:\IARworkspace\CamCar_IAR\FLASH\Obj\UART.o
#
###############################################################################

E:\IARworkspace\CamCar_IAR\source\UART.c
      1          /*
      2          Arthor : Qian Qiyang (KisaragiAyanoo@twitter)
      3          Date : 2015/12/01
      4          License : MIT
      5          */
      6          
      7          #include "includes.h"

   \                                 In section .text, align 2, keep-with-next
   \   static __interwork __softfp void __NVIC_EnableIRQ(IRQn_Type)
   \                     __NVIC_EnableIRQ: (+1)
   \   00000000   0xB240             SXTB     R0,R0            ;; SignExt  R0,R0,#+24,#+24
   \   00000002   0x2800             CMP      R0,#+0
   \   00000004   0xD408             BMI.N    ??__NVIC_EnableIRQ_0
   \   00000006   0x2201             MOVS     R2,#+1
   \   00000008   0xF010 0x011F      ANDS     R1,R0,#0x1F
   \   0000000C   0x408A             LSLS     R2,R2,R1
   \   0000000E   0x....             LDR.N    R1,??DataTable6  ;; 0xe000e100
   \   00000010   0xB240             SXTB     R0,R0            ;; SignExt  R0,R0,#+24,#+24
   \   00000012   0x0940             LSRS     R0,R0,#+5
   \   00000014   0xF841 0x2020      STR      R2,[R1, R0, LSL #+2]
   \                     ??__NVIC_EnableIRQ_0: (+1)
   \   00000018   0x4770             BX       LR               ;; return

   \                                 In section .text, align 2, keep-with-next
   \   static __interwork __softfp void __NVIC_SetPriority(IRQn_Type, uint32_t)
   \                     __NVIC_SetPriority: (+1)
   \   00000000   0xB240             SXTB     R0,R0            ;; SignExt  R0,R0,#+24,#+24
   \   00000002   0x2800             CMP      R0,#+0
   \   00000004   0xD404             BMI.N    ??__NVIC_SetPriority_0
   \   00000006   0x0109             LSLS     R1,R1,#+4
   \   00000008   0x....             LDR.N    R2,??DataTable6_1  ;; 0xe000e400
   \   0000000A   0xB240             SXTB     R0,R0            ;; SignExt  R0,R0,#+24,#+24
   \   0000000C   0x5411             STRB     R1,[R2, R0]
   \   0000000E   0xE007             B.N      ??__NVIC_SetPriority_1
   \                     ??__NVIC_SetPriority_0: (+1)
   \   00000010   0x0109             LSLS     R1,R1,#+4
   \   00000012   0x....             LDR.N    R2,??DataTable6_2  ;; 0xe000ed18
   \   00000014   0xB240             SXTB     R0,R0            ;; SignExt  R0,R0,#+24,#+24
   \   00000016   0xF010 0x000F      ANDS     R0,R0,#0xF
   \   0000001A   0x4410             ADD      R0,R2,R0
   \   0000001C   0xF800 0x1C04      STRB     R1,[R0, #-4]
   \                     ??__NVIC_SetPriority_1: (+1)
   \   00000020   0x4770             BX       LR               ;; return

   \                                 In section .text, align 2, keep-with-next
   \   static __interwork __softfp uint32_t NVIC_EncodePriority(uint32_t, uint32_t, uint32_t)
   \                     NVIC_EncodePriority: (+1)
   \   00000000   0xB410             PUSH     {R4}
   \   00000002   0xF010 0x0007      ANDS     R0,R0,#0x7
   \   00000006   0xF1D0 0x0307      RSBS     R3,R0,#+7
   \   0000000A   0x2B05             CMP      R3,#+5
   \   0000000C   0xD301             BCC.N    ??NVIC_EncodePriority_0
   \   0000000E   0x2304             MOVS     R3,#+4
   \   00000010   0xE001             B.N      ??NVIC_EncodePriority_1
   \                     ??NVIC_EncodePriority_0: (+1)
   \   00000012   0xF1D0 0x0307      RSBS     R3,R0,#+7
   \                     ??NVIC_EncodePriority_1: (+1)
   \   00000016   0x1D04             ADDS     R4,R0,#+4
   \   00000018   0x2C07             CMP      R4,#+7
   \   0000001A   0xD201             BCS.N    ??NVIC_EncodePriority_2
   \   0000001C   0x2000             MOVS     R0,#+0
   \   0000001E   0xE000             B.N      ??NVIC_EncodePriority_3
   \                     ??NVIC_EncodePriority_2: (+1)
   \   00000020   0x1EC0             SUBS     R0,R0,#+3
   \                     ??NVIC_EncodePriority_3: (+1)
   \   00000022   0x2401             MOVS     R4,#+1
   \   00000024   0xFA14 0xF303      LSLS     R3,R4,R3
   \   00000028   0x1E5B             SUBS     R3,R3,#+1
   \   0000002A   0x4019             ANDS     R1,R3,R1
   \   0000002C   0x4081             LSLS     R1,R1,R0
   \   0000002E   0x2301             MOVS     R3,#+1
   \   00000030   0xFA13 0xF000      LSLS     R0,R3,R0
   \   00000034   0x1E40             SUBS     R0,R0,#+1
   \   00000036   0x4010             ANDS     R0,R0,R2
   \   00000038   0x4308             ORRS     R0,R0,R1
   \   0000003A   0xBC10             POP      {R4}
   \   0000003C   0x4770             BX       LR               ;; return
      8          
      9          
     10          
     11          // === Receive ISR ===

   \                                 In section .text, align 2, keep-with-next
     12          void UART3_IRQHandler(void){
   \                     UART3_IRQHandler: (+1)
   \   00000000   0xB580             PUSH     {R7,LR}
     13            uint8 tmp = UART_GetChar();
   \   00000002   0x.... 0x....      BL       UART_GetChar
     14            
     15            if(tmp<100){
   \   00000006   0xB2C0             UXTB     R0,R0            ;; ZeroExt  R0,R0,#+24,#+24
   \   00000008   0x2864             CMP      R0,#+100
   \   0000000A   0xDB04             BLT.N    ??UART3_IRQHandler_0
     16              
     17            }
     18            else if(tmp==101){ //tilt to front
   \   0000000C   0xB2C0             UXTB     R0,R0            ;; ZeroExt  R0,R0,#+24,#+24
   \   0000000E   0x2865             CMP      R0,#+101
   \   00000010   0xD001             BEQ.N    ??UART3_IRQHandler_0
     19              
     20            }
     21            else if(tmp==102){ //tilt to back
   \   00000012   0xB2C0             UXTB     R0,R0            ;; ZeroExt  R0,R0,#+24,#+24
   \   00000014   0x2866             CMP      R0,#+102
     22              
     23            }
     24            else if(tmp==103){
     25              
     26            }
     27          }
   \                     ??UART3_IRQHandler_0: (+1)
   \   00000016   0xBD01             POP      {R0,PC}          ;; return
     28          
     29          
     30          
     31          // ======== APIs ======
     32          
     33          // ---- Ayano's Format ----
     34          

   \                                 In section .text, align 2, keep-with-next
     35          void UART_SendDataHead(){
     36            while(!(UART3->S1 & UART_S1_TDRE_MASK));
   \                     UART_SendDataHead: (+1)
   \                     ??UART_SendDataHead_0: (+1)
   \   00000000   0x....             LDR.N    R0,??DataTable6_3  ;; 0x4006d004
   \   00000002   0x7800             LDRB     R0,[R0, #+0]
   \   00000004   0x0600             LSLS     R0,R0,#+24
   \   00000006   0xD5FB             BPL.N    ??UART_SendDataHead_0
     37            UART3->D = 127;
   \   00000008   0x207F             MOVS     R0,#+127
   \   0000000A   0x....             LDR.N    R1,??DataTable6_4  ;; 0x4006d007
   \   0000000C   0x7008             STRB     R0,[R1, #+0]
     38          }
   \   0000000E   0x4770             BX       LR               ;; return

   \                                 In section .text, align 2, keep-with-next
     39          void UART_SendData(s16 data){
     40            uint8 neg=0;
   \                     UART_SendData: (+1)
   \   00000000   0x2100             MOVS     R1,#+0
     41            uint8 num;
     42            if(data<0){
   \   00000002   0xB200             SXTH     R0,R0            ;; SignExt  R0,R0,#+16,#+16
   \   00000004   0x2800             CMP      R0,#+0
   \   00000006   0xD502             BPL.N    ??UART_SendData_0
     43              neg = 1;
   \   00000008   0x2101             MOVS     R1,#+1
     44              data = -data;
   \   0000000A   0xB200             SXTH     R0,R0            ;; SignExt  R0,R0,#+16,#+16
   \   0000000C   0x4240             RSBS     R0,R0,#+0
     45            }
     46            num = data%100;
   \                     ??UART_SendData_0: (+1)
   \   0000000E   0xB200             SXTH     R0,R0            ;; SignExt  R0,R0,#+16,#+16
   \   00000010   0x2364             MOVS     R3,#+100
   \   00000012   0xFB90 0xF2F3      SDIV     R2,R0,R3
   \   00000016   0xFB03 0x0212      MLS      R2,R3,R2,R0
     47            
     48            while(!(UART3->S1 & UART_S1_TDRE_MASK));
   \                     ??UART_SendData_1: (+1)
   \   0000001A   0x....             LDR.N    R3,??DataTable6_3  ;; 0x4006d004
   \   0000001C   0x781B             LDRB     R3,[R3, #+0]
   \   0000001E   0x061B             LSLS     R3,R3,#+24
   \   00000020   0xD5FB             BPL.N    ??UART_SendData_1
     49            UART3->D = neg?(49-data/100):(50+data/100);
   \   00000022   0xB2C9             UXTB     R1,R1            ;; ZeroExt  R1,R1,#+24,#+24
   \   00000024   0x2900             CMP      R1,#+0
   \   00000026   0xD006             BEQ.N    ??UART_SendData_2
   \   00000028   0xB200             SXTH     R0,R0            ;; SignExt  R0,R0,#+16,#+16
   \   0000002A   0x2164             MOVS     R1,#+100
   \   0000002C   0xFB90 0xF0F1      SDIV     R0,R0,R1
   \   00000030   0xF1D0 0x0031      RSBS     R0,R0,#+49
   \   00000034   0xE004             B.N      ??UART_SendData_3
   \                     ??UART_SendData_2: (+1)
   \   00000036   0xB200             SXTH     R0,R0            ;; SignExt  R0,R0,#+16,#+16
   \   00000038   0x2164             MOVS     R1,#+100
   \   0000003A   0xFB90 0xF0F1      SDIV     R0,R0,R1
   \   0000003E   0x3032             ADDS     R0,R0,#+50
   \                     ??UART_SendData_3: (+1)
   \   00000040   0x....             LDR.N    R1,??DataTable6_4  ;; 0x4006d007
   \   00000042   0x7008             STRB     R0,[R1, #+0]
     50            
     51            while(!(UART3->S1 & UART_S1_TDRE_MASK));
   \                     ??UART_SendData_4: (+1)
   \   00000044   0x....             LDR.N    R0,??DataTable6_3  ;; 0x4006d004
   \   00000046   0x7800             LDRB     R0,[R0, #+0]
   \   00000048   0x0600             LSLS     R0,R0,#+24
   \   0000004A   0xD5FB             BPL.N    ??UART_SendData_4
     52            UART3->D = num;
   \   0000004C   0x....             LDR.N    R0,??DataTable6_4  ;; 0x4006d007
   \   0000004E   0x7002             STRB     R2,[R0, #+0]
     53          }
   \   00000050   0x4770             BX       LR               ;; return
     54          
     55          
     56          
     57          // ----- Basic Functions -----
     58          
     59          // Read 

   \                                 In section .text, align 2, keep-with-next
     60          int8 UART_GetChar(){
     61            while(!(UART3->S1 & UART_S1_RDRF_MASK));
   \                     UART_GetChar: (+1)
   \                     ??UART_GetChar_0: (+1)
   \   00000000   0x....             LDR.N    R0,??DataTable6_3  ;; 0x4006d004
   \   00000002   0x7800             LDRB     R0,[R0, #+0]
   \   00000004   0x0680             LSLS     R0,R0,#+26
   \   00000006   0xD5FB             BPL.N    ??UART_GetChar_0
     62            return UART3->D;
   \   00000008   0x....             LDR.N    R0,??DataTable6_4  ;; 0x4006d007
   \   0000000A   0xF990 0x0000      LDRSB    R0,[R0, #+0]
   \   0000000E   0xB240             SXTB     R0,R0            ;; SignExt  R0,R0,#+24,#+24
   \   00000010   0x4770             BX       LR               ;; return
     63          }
     64          
     65          // Send

   \                                 In section .text, align 2, keep-with-next
     66          void UART_SendChar(uint8 data){
     67            while(!(UART3->S1 & UART_S1_TDRE_MASK));
   \                     UART_SendChar: (+1)
   \                     ??UART_SendChar_0: (+1)
   \   00000000   0x....             LDR.N    R1,??DataTable6_3  ;; 0x4006d004
   \   00000002   0x7809             LDRB     R1,[R1, #+0]
   \   00000004   0x0609             LSLS     R1,R1,#+24
   \   00000006   0xD5FB             BPL.N    ??UART_SendChar_0
     68            UART3->D = data;
   \   00000008   0x....             LDR.N    R1,??DataTable6_4  ;; 0x4006d007
   \   0000000A   0x7008             STRB     R0,[R1, #+0]
     69          }
   \   0000000C   0x4770             BX       LR               ;; return
     70          
     71          // Init

   \                                 In section .text, align 2, keep-with-next
     72          void UART_Init(u32 baud){
   \                     UART_Init: (+1)
   \   00000000   0xB510             PUSH     {R4,LR}
     73            //UART3
     74            
     75            uint16 sbr;
     76            uint32 busclock = g_bus_clock;
   \   00000002   0x....             LDR.N    R1,??DataTable6_5
   \   00000004   0x6809             LDR      R1,[R1, #+0]
     77          
     78            SIM->SCGC4 |= SIM_SCGC4_UART3_MASK;
   \   00000006   0x....             LDR.N    R2,??DataTable6_6  ;; 0x40048034
   \   00000008   0x6812             LDR      R2,[R2, #+0]
   \   0000000A   0xF452 0x5200      ORRS     R2,R2,#0x2000
   \   0000000E   0x....             LDR.N    R3,??DataTable6_6  ;; 0x40048034
   \   00000010   0x601A             STR      R2,[R3, #+0]
     79            
     80            PORTE->PCR[4] = PORT_PCR_MUX(3);
   \   00000012   0xF44F 0x7240      MOV      R2,#+768
   \   00000016   0x....             LDR.N    R3,??DataTable6_7  ;; 0x4004d010
   \   00000018   0x601A             STR      R2,[R3, #+0]
     81            PORTE->PCR[5] = PORT_PCR_MUX(3);
   \   0000001A   0xF44F 0x7240      MOV      R2,#+768
   \   0000001E   0x....             LDR.N    R3,??DataTable6_8  ;; 0x4004d014
   \   00000020   0x601A             STR      R2,[R3, #+0]
     82            UART3->C2 &= ~(UART_C2_TE_MASK | UART_C2_RE_MASK );  // DISABLE UART FIRST
   \   00000022   0x....             LDR.N    R2,??DataTable6_9  ;; 0x4006d003
   \   00000024   0x7812             LDRB     R2,[R2, #+0]
   \   00000026   0xF012 0x02F3      ANDS     R2,R2,#0xF3
   \   0000002A   0x....             LDR.N    R3,??DataTable6_9  ;; 0x4006d003
   \   0000002C   0x701A             STRB     R2,[R3, #+0]
     83            UART3->C1 = 0;  // NONE PARITY CHECK
   \   0000002E   0x2200             MOVS     R2,#+0
   \   00000030   0x....             LDR.N    R3,??DataTable6_10  ;; 0x4006d002
   \   00000032   0x701A             STRB     R2,[R3, #+0]
     84            
     85            //UART baud rate = UART module clock / (16 × (SBR[12:0] + BRFD))
     86            // BRFD = BRFA/32; fraction
     87            sbr = (uint16)(busclock/(16*baud));
   \   00000034   0x0102             LSLS     R2,R0,#+4
   \   00000036   0xFBB1 0xF2F2      UDIV     R2,R1,R2
     88            UART3->BDH = (UART3->BDH & 0XC0)|(uint8)((sbr & 0X1F00)>>8);
   \   0000003A   0x....             LDR.N    R3,??DataTable6_11  ;; 0x4006d000
   \   0000003C   0x781B             LDRB     R3,[R3, #+0]
   \   0000003E   0xF013 0x03C0      ANDS     R3,R3,#0xC0
   \   00000042   0xB292             UXTH     R2,R2            ;; ZeroExt  R2,R2,#+16,#+16
   \   00000044   0x0014             MOVS     R4,R2
   \   00000046   0x1224             ASRS     R4,R4,#+8
   \   00000048   0xF014 0x041F      ANDS     R4,R4,#0x1F
   \   0000004C   0x4323             ORRS     R3,R4,R3
   \   0000004E   0x....             LDR.N    R4,??DataTable6_11  ;; 0x4006d000
   \   00000050   0x7023             STRB     R3,[R4, #+0]
     89            UART3->BDL = (uint8)(sbr & 0XFF);
   \   00000052   0x....             LDR.N    R3,??DataTable6_12  ;; 0x4006d001
   \   00000054   0x701A             STRB     R2,[R3, #+0]
     90            
     91            UART3->C4 = (UART3->C4 & 0XE0)|(uint8)((32*busclock)/(16*baud)-sbr*32); 
   \   00000056   0x....             LDR.N    R3,??DataTable6_13  ;; 0x4006d00a
   \   00000058   0x781B             LDRB     R3,[R3, #+0]
   \   0000005A   0xF013 0x03E0      ANDS     R3,R3,#0xE0
   \   0000005E   0x0149             LSLS     R1,R1,#+5
   \   00000060   0x0100             LSLS     R0,R0,#+4
   \   00000062   0xFBB1 0xF1F0      UDIV     R1,R1,R0
   \   00000066   0xB292             UXTH     R2,R2            ;; ZeroExt  R2,R2,#+16,#+16
   \   00000068   0x0150             LSLS     R0,R2,#+5
   \   0000006A   0x1A09             SUBS     R1,R1,R0
   \   0000006C   0x430B             ORRS     R3,R1,R3
   \   0000006E   0x....             LDR.N    R0,??DataTable6_13  ;; 0x4006d00a
   \   00000070   0x7003             STRB     R3,[R0, #+0]
     92          
     93            UART3->C2 |=  UART_C2_RIE_MASK;
   \   00000072   0x....             LDR.N    R0,??DataTable6_9  ;; 0x4006d003
   \   00000074   0x7800             LDRB     R0,[R0, #+0]
   \   00000076   0xF050 0x0020      ORRS     R0,R0,#0x20
   \   0000007A   0x....             LDR.N    R1,??DataTable6_9  ;; 0x4006d003
   \   0000007C   0x7008             STRB     R0,[R1, #+0]
     94            
     95            UART3->C2 |= UART_C2_RE_MASK;
   \   0000007E   0x....             LDR.N    R0,??DataTable6_9  ;; 0x4006d003
   \   00000080   0x7800             LDRB     R0,[R0, #+0]
   \   00000082   0xF050 0x0004      ORRS     R0,R0,#0x4
   \   00000086   0x....             LDR.N    R1,??DataTable6_9  ;; 0x4006d003
   \   00000088   0x7008             STRB     R0,[R1, #+0]
     96            
     97            UART3->C2 |= UART_C2_TE_MASK; 
   \   0000008A   0x....             LDR.N    R0,??DataTable6_9  ;; 0x4006d003
   \   0000008C   0x7800             LDRB     R0,[R0, #+0]
   \   0000008E   0xF050 0x0008      ORRS     R0,R0,#0x8
   \   00000092   0x....             LDR.N    R1,??DataTable6_9  ;; 0x4006d003
   \   00000094   0x7008             STRB     R0,[R1, #+0]
     98            
     99            NVIC_EnableIRQ(UART3_RX_TX_IRQn); 
   \   00000096   0x2033             MOVS     R0,#+51
   \   00000098   0x.... 0x....      BL       __NVIC_EnableIRQ
    100            NVIC_SetPriority(UART3_RX_TX_IRQn, NVIC_EncodePriority(NVIC_GROUP, 2, 2));
   \   0000009C   0x2202             MOVS     R2,#+2
   \   0000009E   0x2102             MOVS     R1,#+2
   \   000000A0   0x2005             MOVS     R0,#+5
   \   000000A2   0x.... 0x....      BL       NVIC_EncodePriority
   \   000000A6   0x0001             MOVS     R1,R0
   \   000000A8   0x2033             MOVS     R0,#+51
   \   000000AA   0x.... 0x....      BL       __NVIC_SetPriority
    101          }
   \   000000AE   0xBD10             POP      {R4,PC}          ;; return

   \                                 In section .text, align 4, keep-with-next
   \                     ??DataTable6:
   \   00000000   0xE000E100         DC32     0xe000e100

   \                                 In section .text, align 4, keep-with-next
   \                     ??DataTable6_1:
   \   00000000   0xE000E400         DC32     0xe000e400

   \                                 In section .text, align 4, keep-with-next
   \                     ??DataTable6_2:
   \   00000000   0xE000ED18         DC32     0xe000ed18

   \                                 In section .text, align 4, keep-with-next
   \                     ??DataTable6_3:
   \   00000000   0x4006D004         DC32     0x4006d004

   \                                 In section .text, align 4, keep-with-next
   \                     ??DataTable6_4:
   \   00000000   0x4006D007         DC32     0x4006d007

   \                                 In section .text, align 4, keep-with-next
   \                     ??DataTable6_5:
   \   00000000   0x........         DC32     g_bus_clock

   \                                 In section .text, align 4, keep-with-next
   \                     ??DataTable6_6:
   \   00000000   0x40048034         DC32     0x40048034

   \                                 In section .text, align 4, keep-with-next
   \                     ??DataTable6_7:
   \   00000000   0x4004D010         DC32     0x4004d010

   \                                 In section .text, align 4, keep-with-next
   \                     ??DataTable6_8:
   \   00000000   0x4004D014         DC32     0x4004d014

   \                                 In section .text, align 4, keep-with-next
   \                     ??DataTable6_9:
   \   00000000   0x4006D003         DC32     0x4006d003

   \                                 In section .text, align 4, keep-with-next
   \                     ??DataTable6_10:
   \   00000000   0x4006D002         DC32     0x4006d002

   \                                 In section .text, align 4, keep-with-next
   \                     ??DataTable6_11:
   \   00000000   0x4006D000         DC32     0x4006d000

   \                                 In section .text, align 4, keep-with-next
   \                     ??DataTable6_12:
   \   00000000   0x4006D001         DC32     0x4006d001

   \                                 In section .text, align 4, keep-with-next
   \                     ??DataTable6_13:
   \   00000000   0x4006D00A         DC32     0x4006d00a

   Maximum stack usage in bytes:

   .cstack Function
   ------- --------
       4   NVIC_EncodePriority
       8   UART3_IRQHandler
         8   -> UART_GetChar
       0   UART_GetChar
       8   UART_Init
         8   -> NVIC_EncodePriority
         8   -> __NVIC_EnableIRQ
         8   -> __NVIC_SetPriority
       0   UART_SendChar
       0   UART_SendData
       0   UART_SendDataHead
       0   __NVIC_EnableIRQ
       0   __NVIC_SetPriority


   Section sizes:

   Bytes  Function/Label
   -----  --------------
       4  ??DataTable6
       4  ??DataTable6_1
       4  ??DataTable6_10
       4  ??DataTable6_11
       4  ??DataTable6_12
       4  ??DataTable6_13
       4  ??DataTable6_2
       4  ??DataTable6_3
       4  ??DataTable6_4
       4  ??DataTable6_5
       4  ??DataTable6_6
       4  ??DataTable6_7
       4  ??DataTable6_8
       4  ??DataTable6_9
      62  NVIC_EncodePriority
      24  UART3_IRQHandler
      18  UART_GetChar
     176  UART_Init
      14  UART_SendChar
      82  UART_SendData
      16  UART_SendDataHead
      26  __NVIC_EnableIRQ
      34  __NVIC_SetPriority

 
 508 bytes in section .text
 
 508 bytes of CODE memory

Errors: none
Warnings: none
